WARNING: No blkio throttle.read_bps_device support
WARNING: No blkio throttle.write_bps_device support
WARNING: No blkio throttle.read_iops_device support
WARNING: No blkio throttle.write_iops_device support
WARNING: DOCKER_INSECURE_NO_IPTABLES_RAW is set
 Network infra_benefits-network  Creating
 Network infra_benefits-network  Created
time="2026-01-18T14:51:21-03:00" level=warning msg="Found orphan containers ([benefits-otel benefits-flagd benefits-loki benefits-tempo]) for this project. If you removed or renamed this service in your compose file, you can run this command with the --remove-orphans flag to clean it up."
 Container benefits-jaeger  Creating
 Container benefits-postgres  Creating
 Container benefits-redis  Creating
 Container benefits-localstack  Creating
 Container benefits-prometheus  Creating
 Container benefits-prometheus  Created
 Container benefits-jaeger  Created
 Container benefits-grafana  Creating
 Container benefits-redis  Created
 Container benefits-postgres  Created
 Container benefits-keycloak  Creating
 Container benefits-localstack  Created
 Container benefits-grafana  Created
 Container benefits-keycloak  Created
 Container benefits-redis  Starting
 Container benefits-jaeger  Starting
 Container benefits-postgres  Starting
 Container benefits-localstack  Starting
 Container benefits-prometheus  Starting
 Container benefits-redis  Started
 Container benefits-postgres  Started
 Container benefits-postgres  Waiting
 Container benefits-localstack  Started
 Container benefits-prometheus  Started
 Container benefits-jaeger  Started
 Container benefits-grafana  Starting
 Container benefits-grafana  Started
 Container benefits-postgres  Healthy
 Container benefits-keycloak  Starting
 Container benefits-keycloak  Started
time="2026-01-18T14:51:28-03:00" level=warning msg="C:\\Users\\gesch\\Documents\\projeto-lucas\\infra\\docker-compose.yml: the attribute `version` is obsolete, it will be ignored, please remove it to avoid potential confusion"
NAME                  IMAGE                              COMMAND                  SERVICE      CREATED         STATUS                                     PORTS
benefits-jaeger       jaegertracing/all-in-one:latest    "/go/bin/all-in-one-"   jaeger       7 seconds ago   Up 6 seconds (health: starting)            0.0.0.0:4317-4318->4317-4318/tcp, [::]:4317-4318->4317-4318/tcp, 0.0.0.0:14268->14268/tcp, [::]:14268->14268/tcp, 0.0.0.0:16686->16686/tcp, [::]:16686->16686/tcp
benefits-keycloak     quay.io/keycloak/keycloak:latest   "/opt/keycloak/bin/k"   keycloak     7 seconds ago   Up Less than a second (health: starting)   0.0.0.0:8081->8080/tcp, [::]:8081->8080/tcp
benefits-postgres     postgres:15-alpine                 "docker-entrypoint.s"   postgres     7 seconds ago   Up 6 seconds (healthy)                     0.0.0.0:5432->5432/tcp, [::]:5432->5432/tcp
benefits-prometheus   prom/prometheus:latest             "/bin/prometheus --c"   prometheus   7 seconds ago   Up 6 seconds (health: starting)            0.0.0.0:9090->9090/tcp, [::]:9090->9090/tcp
benefits-redis        redis:7-alpine                     "docker-entrypoint.s"   redis        7 seconds ago   Up 6 seconds (healthy)                     0.0.0.0:6379->6379/tcp, [::]:6379->6379/tcp
