[2026-01-18 14:34:24] 🧹 [CLEANUP-LITE] Iniciando limpeza leve...
[2026-01-18 14:34:24] 🛑 [CLEANUP-LITE] Parando containers...
[2026-01-18 14:34:24] 📁 [CLEANUP-LITE] Limpando temporários da raiz...
[2026-01-18 14:34:24] 📊 [CLEANUP-LITE] Limpando reports antigos...
[2026-01-18 14:34:24] 🎭 [CLEANUP-LITE] Limpando Playwright reports...
[2026-01-18 14:34:24] 🧪 [CLEANUP-LITE] Limpando test-results...
[2026-01-18 14:34:24] 📝 [CLEANUP-LITE] Limpando logs antigos (>7 dias)...
[2026-01-18 14:34:25]    ✅ Logs antigos removidos
[2026-01-18 14:34:25] ☕ [CLEANUP-LITE] Limpando outputs Java (target/)...
[2026-01-18 14:34:25] ✅ [CLEANUP-LITE] Limpeza leve concluída!
[2026-01-18 14:34:25] 
[2026-01-18 14:34:25] Estado após cleanup:
[2026-01-18 14:34:25]   ✅ Containers: parados (volumes mantidos)
[2026-01-18 14:34:25]   ✅ Temporários: removidos
[2026-01-18 14:34:25]   ✅ Reports antigos: removidos
[2026-01-18 14:34:25]   ⚠️  Caches de build: mantidos
[2026-01-18 14:34:25]   ⚠️  node_modules: mantidos
[2026-01-18 14:34:25]   ⚠️  Volumes Docker: mantidos
[2026-01-18 14:34:25] 
[2026-01-18 14:34:25] Pronto para: ./scripts/up.ps1
[2026-01-18 14:49:27] 🧹 [CLEANUP-LITE] Iniciando limpeza leve...
[2026-01-18 14:49:27] 🛑 [CLEANUP-LITE] Parando containers...
[2026-01-18 14:49:27] 📁 [CLEANUP-LITE] Limpando temporários da raiz...
[2026-01-18 14:49:27] 📊 [CLEANUP-LITE] Limpando reports antigos...
[2026-01-18 14:49:27] 🎭 [CLEANUP-LITE] Limpando Playwright reports...
[2026-01-18 14:49:27] 🧪 [CLEANUP-LITE] Limpando test-results...
[2026-01-18 14:49:27] 📝 [CLEANUP-LITE] Limpando logs antigos (>7 dias)...
[2026-01-18 14:49:27]    ✅ Logs antigos removidos
[2026-01-18 14:49:27] ☕ [CLEANUP-LITE] Limpando outputs Java (target/)...
[2026-01-18 14:49:27] ✅ [CLEANUP-LITE] Limpeza leve concluída!
[2026-01-18 14:49:27] 
[2026-01-18 14:49:27] Estado após cleanup:
[2026-01-18 14:49:27]   ✅ Containers: parados (volumes mantidos)
[2026-01-18 14:49:27]   ✅ Temporários: removidos
[2026-01-18 14:49:27]   ✅ Reports antigos: removidos
[2026-01-18 14:49:28]   ⚠️  Caches de build: mantidos
[2026-01-18 14:49:28]   ⚠️  node_modules: mantidos
[2026-01-18 14:49:28]   ⚠️  Volumes Docker: mantidos
[2026-01-18 14:49:28] 
[2026-01-18 14:49:28] Pronto para: ./scripts/up.ps1
[2026-01-18 15:05:55] 🧹 [CLEANUP-LITE] Iniciando limpeza leve...
[2026-01-18 15:05:55] 🛑 [CLEANUP-LITE] Parando containers...
[2026-01-18 15:05:56] 📁 [CLEANUP-LITE] Limpando temporários da raiz...
[2026-01-18 15:05:56] 📊 [CLEANUP-LITE] Limpando reports antigos...
[2026-01-18 15:05:56] 🎭 [CLEANUP-LITE] Limpando Playwright reports...
[2026-01-18 15:05:56] 🧪 [CLEANUP-LITE] Limpando test-results...
[2026-01-18 15:05:56] 📝 [CLEANUP-LITE] Limpando logs antigos (>7 dias)...
[2026-01-18 15:05:56]    ✅ Logs antigos removidos
[2026-01-18 15:05:56] ☕ [CLEANUP-LITE] Limpando outputs Java (target/)...
[2026-01-18 15:05:56] ✅ [CLEANUP-LITE] Limpeza leve concluída!
[2026-01-18 15:05:56] 
[2026-01-18 15:05:56] Estado após cleanup:
[2026-01-18 15:05:56]   ✅ Containers: parados (volumes mantidos)
[2026-01-18 15:05:56]   ✅ Temporários: removidos
[2026-01-18 15:05:56]   ✅ Reports antigos: removidos
[2026-01-18 15:05:56]   ⚠️  Caches de build: mantidos
[2026-01-18 15:05:56]   ⚠️  node_modules: mantidos
[2026-01-18 15:05:56]   ⚠️  Volumes Docker: mantidos
[2026-01-18 15:05:56] 
[2026-01-18 15:05:56] Pronto para: ./scripts/up.ps1
[2026-01-18 15:10:58] 🧹 [CLEANUP-LITE] Iniciando limpeza leve...
[2026-01-18 15:10:58] 🛑 [CLEANUP-LITE] Parando containers...
[2026-01-18 15:10:58] 📁 [CLEANUP-LITE] Limpando temporários da raiz...
[2026-01-18 15:10:58] 📊 [CLEANUP-LITE] Limpando reports antigos...
[2026-01-18 15:10:58] 🎭 [CLEANUP-LITE] Limpando Playwright reports...
[2026-01-18 15:10:58] 🧪 [CLEANUP-LITE] Limpando test-results...
[2026-01-18 15:10:58] 📝 [CLEANUP-LITE] Limpando logs antigos (>7 dias)...
[2026-01-18 15:10:58]    ✅ Logs antigos removidos
[2026-01-18 15:10:58] ☕ [CLEANUP-LITE] Limpando outputs Java (target/)...
[2026-01-18 15:10:58] ✅ [CLEANUP-LITE] Limpeza leve concluída!
[2026-01-18 15:10:58] 
[2026-01-18 15:10:58] Estado após cleanup:
[2026-01-18 15:10:58]   ✅ Containers: parados (volumes mantidos)
[2026-01-18 15:10:59]   ✅ Temporários: removidos
[2026-01-18 15:10:59]   ✅ Reports antigos: removidos
[2026-01-18 15:10:59]   ⚠️  Caches de build: mantidos
[2026-01-18 15:10:59]   ⚠️  node_modules: mantidos
[2026-01-18 15:10:59]   ⚠️  Volumes Docker: mantidos
[2026-01-18 15:10:59] 
[2026-01-18 15:10:59] Pronto para: ./scripts/up.ps1
[2026-01-18 15:17:58] 🧹 [CLEANUP-LITE] Iniciando limpeza leve...
[2026-01-18 15:17:58] 🛑 [CLEANUP-LITE] Parando containers...
[2026-01-18 15:17:58] 📁 [CLEANUP-LITE] Limpando temporários da raiz...
[2026-01-18 15:17:58] 📊 [CLEANUP-LITE] Limpando reports antigos...
[2026-01-18 15:17:58] 🎭 [CLEANUP-LITE] Limpando Playwright reports...
[2026-01-18 15:17:58] 🧪 [CLEANUP-LITE] Limpando test-results...
[2026-01-18 15:17:58] 📝 [CLEANUP-LITE] Limpando logs antigos (>7 dias)...
[2026-01-18 15:17:58]    ✅ Logs antigos removidos
[2026-01-18 15:17:58] ☕ [CLEANUP-LITE] Limpando outputs Java (target/)...
[2026-01-18 15:17:58] ✅ [CLEANUP-LITE] Limpeza leve concluída!
[2026-01-18 15:17:58] 
[2026-01-18 15:17:58] Estado após cleanup:
[2026-01-18 15:17:58]   ✅ Containers: parados (volumes mantidos)
[2026-01-18 15:17:59]   ✅ Temporários: removidos
[2026-01-18 15:17:59]   ✅ Reports antigos: removidos
[2026-01-18 15:17:59]   ⚠️  Caches de build: mantidos
[2026-01-18 15:17:59]   ⚠️  node_modules: mantidos
[2026-01-18 15:17:59]   ⚠️  Volumes Docker: mantidos
[2026-01-18 15:17:59] 
[2026-01-18 15:17:59] Pronto para: ./scripts/up.ps1
[2026-01-18 15:25:42] 🧹 [CLEANUP-LITE] Iniciando limpeza leve...
[2026-01-18 15:25:42] 🛑 [CLEANUP-LITE] Parando containers...
[2026-01-18 15:25:42] 📁 [CLEANUP-LITE] Limpando temporários da raiz...
[2026-01-18 15:25:42] 📊 [CLEANUP-LITE] Limpando reports antigos...
[2026-01-18 15:25:42] 🎭 [CLEANUP-LITE] Limpando Playwright reports...
[2026-01-18 15:25:42] 🧪 [CLEANUP-LITE] Limpando test-results...
[2026-01-18 15:25:42] 📝 [CLEANUP-LITE] Limpando logs antigos (>7 dias)...
[2026-01-18 15:25:42]    ✅ Logs antigos removidos
[2026-01-18 15:25:42] ☕ [CLEANUP-LITE] Limpando outputs Java (target/)...
[2026-01-18 15:25:42] ✅ [CLEANUP-LITE] Limpeza leve concluída!
[2026-01-18 15:25:42] 
[2026-01-18 15:25:42] Estado após cleanup:
[2026-01-18 15:25:42]   ✅ Containers: parados (volumes mantidos)
[2026-01-18 15:25:42]   ✅ Temporários: removidos
[2026-01-18 15:25:42]   ✅ Reports antigos: removidos
[2026-01-18 15:25:42]   ⚠️  Caches de build: mantidos
[2026-01-18 15:25:43]   ⚠️  node_modules: mantidos
[2026-01-18 15:25:43]   ⚠️  Volumes Docker: mantidos
[2026-01-18 15:25:43] 
[2026-01-18 15:25:43] Pronto para: ./scripts/up.ps1
